2024-06-10 10:48:01 - Starting PerpustakaanApplication using Java 17.0.8 with PID 9392 (C:\Fathir Nurfadly\Project Java\Perpustakaan\target\classes started by Fathir Nurfadly in C:\Fathir Nurfadly\Project Java\Perpustakaan)
2024-06-10 10:48:01 - Running with Spring Boot v3.3.0, Spring v6.1.8
2024-06-10 10:48:01 - No active profile set, falling back to 1 default profile: "default"
2024-06-10 10:48:04 - Bootstrapping Spring Data JPA repositories in DEFAULT mode.
2024-06-10 10:48:04 - Finished Spring Data repository scanning in 90 ms. Found 2 JPA repository interfaces.
2024-06-10 10:48:06 - Tomcat initialized with port 8080 (http)
2024-06-10 10:48:06 - Starting service [Tomcat]
2024-06-10 10:48:06 - Starting Servlet engine: [Apache Tomcat/10.1.24]
2024-06-10 10:48:06 - Initializing Spring embedded WebApplicationContext
2024-06-10 10:48:06 - Root WebApplicationContext: initialization completed in 3615 ms
2024-06-10 10:48:06 - HikariPool-1 - Starting...
2024-06-10 10:48:07 - HikariPool-1 - Added connection conn0: url=jdbc:h2:mem:testdb user=SA
2024-06-10 10:48:07 - HikariPool-1 - Start completed.
2024-06-10 10:48:07 - H2 console available at '/h2-console'. Database available at 'jdbc:h2:mem:testdb'
2024-06-10 10:48:07 - HHH000204: Processing PersistenceUnitInfo [name: default]
2024-06-10 10:48:07 - HHH000412: Hibernate ORM core version 6.5.2.Final
2024-06-10 10:48:07 - HHH000026: Second-level cache disabled
2024-06-10 10:48:08 - No LoadTimeWeaver setup: ignoring JPA class transformer
2024-06-10 10:48:11 - HHH000489: No JTA platform available (set 'hibernate.transaction.jta.platform' to enable JTA platform integration)
2024-06-10 10:48:11 - Initialized JPA EntityManagerFactory for persistence unit 'default'
2024-06-10 10:48:12 - spring.jpa.open-in-view is enabled by default. Therefore, database queries may be performed during view rendering. Explicitly configure spring.jpa.open-in-view to disable this warning
2024-06-10 10:48:13 - User.withDefaultPasswordEncoder() is considered unsafe for production and is only intended for sample applications.
2024-06-10 10:48:14 - User.withDefaultPasswordEncoder() is considered unsafe for production and is only intended for sample applications.
2024-06-10 10:48:14 - Global AuthenticationManager configured with UserDetailsService bean with name userDetailsService
2024-06-10 10:48:18 - Will secure any request with [org.springframework.security.web.session.DisableEncodeUrlFilter@193d73d3, org.springframework.security.web.context.request.async.WebAsyncManagerIntegrationFilter@5cb4ba80, org.springframework.security.web.context.SecurityContextHolderFilter@55d776ac, org.springframework.security.web.header.HeaderWriterFilter@7c4697fc, org.springframework.web.filter.CorsFilter@978475b, org.springframework.security.web.authentication.logout.LogoutFilter@2ae0eb98, org.springframework.security.web.authentication.UsernamePasswordAuthenticationFilter@3c4231e5, org.springframework.security.web.savedrequest.RequestCacheAwareFilter@488c608a, org.springframework.security.web.servletapi.SecurityContextHolderAwareRequestFilter@55e02661, org.springframework.security.web.authentication.AnonymousAuthenticationFilter@507187c1, org.springframework.security.web.access.ExceptionTranslationFilter@627cb3ed, org.springframework.security.web.access.intercept.AuthorizationFilter@464017f5]
2024-06-10 10:48:19 - Tomcat started on port 8080 (http) with context path '/'
2024-06-10 10:48:19 - Started PerpustakaanApplication in 19.631 seconds (process running for 20.819)
2024-06-10 10:48:52 - Initializing Spring DispatcherServlet 'dispatcherServlet'
2024-06-10 10:48:52 - Initializing Servlet 'dispatcherServlet'
2024-06-10 10:48:52 - Completed initialization in 3 ms
2024-06-10 10:56:15 - Books found: 0
2024-06-10 10:56:15 - Number of books: 0
2024-06-10 11:00:00 - Books found: 1
2024-06-10 11:00:04 - Books found: 1
2024-06-10 11:00:04 - Number of books: 1
2024-06-10 11:43:27 - Books found: 2
2024-06-10 11:44:10 - Books found: 2
2024-06-10 11:44:31 - Books found: 2
2024-06-10 11:44:31 - Number of books: 2
2024-06-10 11:44:33 - Books found: 2
2024-06-10 11:47:16 - Books found: 2
2024-06-10 11:47:17 - Books found: 2
2024-06-10 11:47:46 - Books found: 2
2024-06-10 12:07:02 - Books found: 2
2024-06-10 12:09:21 - Books found: 2
2024-06-10 12:09:34 - Closing JPA EntityManagerFactory for persistence unit 'default'
2024-06-10 12:09:34 - HikariPool-1 - Shutdown initiated...
2024-06-10 12:09:34 - HikariPool-1 - Shutdown completed.
2024-06-10 12:10:25 - Starting PerpustakaanApplication using Java 17.0.8 with PID 8392 (C:\Fathir Nurfadly\Project Java\Perpustakaan\target\classes started by Fathir Nurfadly in C:\Fathir Nurfadly\Project Java\Perpustakaan)
2024-06-10 12:10:25 - Running with Spring Boot v3.3.0, Spring v6.1.8
2024-06-10 12:10:25 - No active profile set, falling back to 1 default profile: "default"
2024-06-10 12:10:26 - Bootstrapping Spring Data JPA repositories in DEFAULT mode.
2024-06-10 12:10:26 - Finished Spring Data repository scanning in 82 ms. Found 2 JPA repository interfaces.
2024-06-10 12:10:27 - Tomcat initialized with port 8080 (http)
2024-06-10 12:10:27 - Starting service [Tomcat]
2024-06-10 12:10:27 - Starting Servlet engine: [Apache Tomcat/10.1.24]
2024-06-10 12:10:27 - Initializing Spring embedded WebApplicationContext
2024-06-10 12:10:27 - Root WebApplicationContext: initialization completed in 2311 ms
2024-06-10 12:10:27 - HikariPool-1 - Starting...
2024-06-10 12:10:28 - HikariPool-1 - Added connection conn0: url=jdbc:h2:mem:testdb user=SA
2024-06-10 12:10:28 - HikariPool-1 - Start completed.
2024-06-10 12:10:28 - H2 console available at '/h2-console'. Database available at 'jdbc:h2:mem:testdb'
2024-06-10 12:10:28 - HHH000204: Processing PersistenceUnitInfo [name: default]
2024-06-10 12:10:28 - HHH000412: Hibernate ORM core version 6.5.2.Final
2024-06-10 12:10:28 - HHH000026: Second-level cache disabled
2024-06-10 12:10:29 - No LoadTimeWeaver setup: ignoring JPA class transformer
2024-06-10 12:10:30 - HHH000489: No JTA platform available (set 'hibernate.transaction.jta.platform' to enable JTA platform integration)
2024-06-10 12:10:30 - Initialized JPA EntityManagerFactory for persistence unit 'default'
2024-06-10 12:10:31 - spring.jpa.open-in-view is enabled by default. Therefore, database queries may be performed during view rendering. Explicitly configure spring.jpa.open-in-view to disable this warning
2024-06-10 12:10:31 - User.withDefaultPasswordEncoder() is considered unsafe for production and is only intended for sample applications.
2024-06-10 12:10:31 - User.withDefaultPasswordEncoder() is considered unsafe for production and is only intended for sample applications.
2024-06-10 12:10:31 - Global AuthenticationManager configured with UserDetailsService bean with name userDetailsService
2024-06-10 12:10:32 - Will secure any request with [org.springframework.security.web.session.DisableEncodeUrlFilter@711261c7, org.springframework.security.web.context.request.async.WebAsyncManagerIntegrationFilter@73eaae1e, org.springframework.security.web.context.SecurityContextHolderFilter@6af02de0, org.springframework.security.web.header.HeaderWriterFilter@7d741200, org.springframework.web.filter.CorsFilter@659565ed, org.springframework.security.web.authentication.logout.LogoutFilter@1de6f29d, org.springframework.security.web.authentication.UsernamePasswordAuthenticationFilter@1a7f2d34, org.springframework.security.web.savedrequest.RequestCacheAwareFilter@9cdf13e, org.springframework.security.web.servletapi.SecurityContextHolderAwareRequestFilter@501956f9, org.springframework.security.web.authentication.AnonymousAuthenticationFilter@481eb705, org.springframework.security.web.access.ExceptionTranslationFilter@969c2f9, org.springframework.security.web.access.intercept.AuthorizationFilter@1e6f7c25]
2024-06-10 12:10:32 - Tomcat started on port 8080 (http) with context path '/'
2024-06-10 12:10:32 - Started PerpustakaanApplication in 8.533 seconds (process running for 9.209)
2024-06-10 12:10:41 - Initializing Spring DispatcherServlet 'dispatcherServlet'
2024-06-10 12:10:41 - Initializing Servlet 'dispatcherServlet'
2024-06-10 12:10:41 - Completed initialization in 2 ms
2024-06-10 12:10:42 - Creation of SecureRandom instance for session ID generation using [SHA1PRNG] took [106] milliseconds.
2024-06-10 12:27:24 - Books found: 1
2024-06-10 12:28:12 - Books found: 1
2024-06-10 13:35:17 - Starting PerpustakaanApplication using Java 17.0.8 with PID 1164 (C:\Fathir Nurfadly\Project Java\Perpustakaan\target\classes started by Fathir Nurfadly in C:\Fathir Nurfadly\Project Java\Perpustakaan)
2024-06-10 13:35:17 - Running with Spring Boot v3.3.0, Spring v6.1.8
2024-06-10 13:35:17 - No active profile set, falling back to 1 default profile: "default"
2024-06-10 13:35:20 - Bootstrapping Spring Data JPA repositories in DEFAULT mode.
2024-06-10 13:35:20 - Finished Spring Data repository scanning in 105 ms. Found 2 JPA repository interfaces.
2024-06-10 13:35:22 - Tomcat initialized with port 8080 (http)
2024-06-10 13:35:22 - Starting service [Tomcat]
2024-06-10 13:35:22 - Starting Servlet engine: [Apache Tomcat/10.1.24]
2024-06-10 13:35:22 - Initializing Spring embedded WebApplicationContext
2024-06-10 13:35:22 - Root WebApplicationContext: initialization completed in 3654 ms
2024-06-10 13:35:22 - HikariPool-1 - Starting...
2024-06-10 13:35:23 - HikariPool-1 - Added connection conn0: url=jdbc:h2:mem:testdb user=SA
2024-06-10 13:35:23 - HikariPool-1 - Start completed.
2024-06-10 13:35:23 - H2 console available at '/h2-console'. Database available at 'jdbc:h2:mem:testdb'
2024-06-10 13:35:23 - HHH000204: Processing PersistenceUnitInfo [name: default]
2024-06-10 13:35:23 - HHH000412: Hibernate ORM core version 6.5.2.Final
2024-06-10 13:35:23 - HHH000026: Second-level cache disabled
2024-06-10 13:35:24 - No LoadTimeWeaver setup: ignoring JPA class transformer
2024-06-10 13:35:26 - HHH000489: No JTA platform available (set 'hibernate.transaction.jta.platform' to enable JTA platform integration)
2024-06-10 13:35:26 - Initialized JPA EntityManagerFactory for persistence unit 'default'
2024-06-10 13:35:27 - spring.jpa.open-in-view is enabled by default. Therefore, database queries may be performed during view rendering. Explicitly configure spring.jpa.open-in-view to disable this warning
2024-06-10 13:35:27 - User.withDefaultPasswordEncoder() is considered unsafe for production and is only intended for sample applications.
2024-06-10 13:35:27 - User.withDefaultPasswordEncoder() is considered unsafe for production and is only intended for sample applications.
2024-06-10 13:35:27 - Global AuthenticationManager configured with UserDetailsService bean with name userDetailsService
2024-06-10 13:35:28 - Will secure any request with [org.springframework.security.web.session.DisableEncodeUrlFilter@42a89cef, org.springframework.security.web.context.request.async.WebAsyncManagerIntegrationFilter@7f33ad20, org.springframework.security.web.context.SecurityContextHolderFilter@4fbed6fc, org.springframework.security.web.header.HeaderWriterFilter@3bede349, org.springframework.web.filter.CorsFilter@52a23575, org.springframework.security.web.authentication.logout.LogoutFilter@d03cdc7, org.springframework.security.web.authentication.UsernamePasswordAuthenticationFilter@659565ed, org.springframework.security.web.savedrequest.RequestCacheAwareFilter@129b0ed, org.springframework.security.web.servletapi.SecurityContextHolderAwareRequestFilter@75ff2b6d, org.springframework.security.web.authentication.AnonymousAuthenticationFilter@3f473daf, org.springframework.security.web.access.ExceptionTranslationFilter@3749c6ac, org.springframework.security.web.access.intercept.AuthorizationFilter@73eaae1e]
2024-06-10 13:35:29 - Tomcat started on port 8080 (http) with context path '/'
2024-06-10 13:35:29 - Started PerpustakaanApplication in 12.922 seconds (process running for 14.01)
2024-06-10 13:35:40 - Initializing Spring DispatcherServlet 'dispatcherServlet'
2024-06-10 13:35:40 - Initializing Servlet 'dispatcherServlet'
2024-06-10 13:35:40 - Completed initialization in 3 ms
2024-06-10 13:36:24 - Books found: 1
2024-06-10 13:36:30 - Books found: 1
2024-06-10 13:36:32 - Books found: 1
2024-06-10 13:41:25 - Closing JPA EntityManagerFactory for persistence unit 'default'
2024-06-10 13:41:25 - HikariPool-1 - Shutdown initiated...
2024-06-10 13:41:25 - HikariPool-1 - Shutdown completed.
2024-06-10 13:41:41 - Starting PerpustakaanApplication using Java 17.0.8 with PID 15572 (C:\Fathir Nurfadly\Project Java\Perpustakaan\target\classes started by Fathir Nurfadly in C:\Fathir Nurfadly\Project Java\Perpustakaan)
2024-06-10 13:41:41 - Running with Spring Boot v3.3.0, Spring v6.1.8
2024-06-10 13:41:41 - No active profile set, falling back to 1 default profile: "default"
2024-06-10 13:41:43 - Bootstrapping Spring Data JPA repositories in DEFAULT mode.
2024-06-10 13:41:43 - Finished Spring Data repository scanning in 118 ms. Found 2 JPA repository interfaces.
2024-06-10 13:41:45 - Tomcat initialized with port 8080 (http)
2024-06-10 13:41:45 - Starting service [Tomcat]
2024-06-10 13:41:45 - Starting Servlet engine: [Apache Tomcat/10.1.24]
2024-06-10 13:41:45 - Initializing Spring embedded WebApplicationContext
2024-06-10 13:41:45 - Root WebApplicationContext: initialization completed in 3079 ms
2024-06-10 13:41:45 - HikariPool-1 - Starting...
2024-06-10 13:41:45 - HikariPool-1 - Added connection conn0: url=jdbc:h2:mem:testdb user=SA
2024-06-10 13:41:45 - HikariPool-1 - Start completed.
2024-06-10 13:41:45 - H2 console available at '/h2-console'. Database available at 'jdbc:h2:mem:testdb'
2024-06-10 13:41:46 - HHH000204: Processing PersistenceUnitInfo [name: default]
2024-06-10 13:41:46 - HHH000412: Hibernate ORM core version 6.5.2.Final
2024-06-10 13:41:46 - HHH000026: Second-level cache disabled
2024-06-10 13:41:47 - No LoadTimeWeaver setup: ignoring JPA class transformer
2024-06-10 13:41:49 - HHH000489: No JTA platform available (set 'hibernate.transaction.jta.platform' to enable JTA platform integration)
2024-06-10 13:41:49 - Initialized JPA EntityManagerFactory for persistence unit 'default'
2024-06-10 13:41:50 - spring.jpa.open-in-view is enabled by default. Therefore, database queries may be performed during view rendering. Explicitly configure spring.jpa.open-in-view to disable this warning
2024-06-10 13:41:50 - User.withDefaultPasswordEncoder() is considered unsafe for production and is only intended for sample applications.
2024-06-10 13:41:50 - User.withDefaultPasswordEncoder() is considered unsafe for production and is only intended for sample applications.
2024-06-10 13:41:50 - Global AuthenticationManager configured with UserDetailsService bean with name userDetailsService
2024-06-10 13:41:51 - Will secure any request with [org.springframework.security.web.session.DisableEncodeUrlFilter@5ae22651, org.springframework.security.web.context.request.async.WebAsyncManagerIntegrationFilter@464017f5, org.springframework.security.web.context.SecurityContextHolderFilter@5ce1ec7, org.springframework.security.web.header.HeaderWriterFilter@76d220eb, org.springframework.web.filter.CorsFilter@3c4231e5, org.springframework.security.web.authentication.logout.LogoutFilter@770c3ca2, org.springframework.security.web.authentication.UsernamePasswordAuthenticationFilter@1ed0128b, org.springframework.security.web.savedrequest.RequestCacheAwareFilter@30bd6bc8, org.springframework.security.web.servletapi.SecurityContextHolderAwareRequestFilter@90b9695, org.springframework.security.web.authentication.AnonymousAuthenticationFilter@397f9672, org.springframework.security.web.access.ExceptionTranslationFilter@4ee80a94, org.springframework.security.web.access.intercept.AuthorizationFilter@18fcfe7e]
2024-06-10 13:41:52 - Tomcat started on port 8080 (http) with context path '/'
2024-06-10 13:41:52 - Started PerpustakaanApplication in 12.409 seconds (process running for 13.284)
2024-06-10 13:41:56 - Initializing Spring DispatcherServlet 'dispatcherServlet'
2024-06-10 13:41:56 - Initializing Servlet 'dispatcherServlet'
2024-06-10 13:41:56 - Completed initialization in 3 ms
2024-06-10 13:41:56 - Creation of SecureRandom instance for session ID generation using [SHA1PRNG] took [102] milliseconds.
2024-06-10 13:42:22 - [THYMELEAF][http-nio-8080-exec-9] Exception processing template "admin/home": An error happened during template parsing (template: "class path resource [templates/admin/home.html]")
org.thymeleaf.exceptions.TemplateInputException: An error happened during template parsing (template: "class path resource [templates/admin/home.html]")
	at org.thymeleaf.templateparser.markup.AbstractMarkupTemplateParser.parse(AbstractMarkupTemplateParser.java:241)
	at org.thymeleaf.templateparser.markup.AbstractMarkupTemplateParser.parseStandalone(AbstractMarkupTemplateParser.java:100)
	at org.thymeleaf.engine.TemplateManager.parseAndProcess(TemplateManager.java:666)
	at org.thymeleaf.TemplateEngine.process(TemplateEngine.java:1103)
	at org.thymeleaf.TemplateEngine.process(TemplateEngine.java:1077)
	at org.thymeleaf.spring6.view.ThymeleafView.renderFragment(ThymeleafView.java:372)
	at org.thymeleaf.spring6.view.ThymeleafView.render(ThymeleafView.java:192)
	at org.springframework.web.servlet.DispatcherServlet.render(DispatcherServlet.java:1431)
	at org.springframework.web.servlet.DispatcherServlet.processDispatchResult(DispatcherServlet.java:1167)
	at org.springframework.web.servlet.DispatcherServlet.doDispatch(DispatcherServlet.java:1106)
	at org.springframework.web.servlet.DispatcherServlet.doService(DispatcherServlet.java:979)
	at org.springframework.web.servlet.FrameworkServlet.processRequest(FrameworkServlet.java:1014)
	at org.springframework.web.servlet.FrameworkServlet.doGet(FrameworkServlet.java:903)
	at jakarta.servlet.http.HttpServlet.service(HttpServlet.java:564)
	at org.springframework.web.servlet.FrameworkServlet.service(FrameworkServlet.java:885)
	at jakarta.servlet.http.HttpServlet.service(HttpServlet.java:658)
	at org.apache.catalina.core.ApplicationFilterChain.internalDoFilter(ApplicationFilterChain.java:195)
	at org.apache.catalina.core.ApplicationFilterChain.doFilter(ApplicationFilterChain.java:140)
	at org.apache.tomcat.websocket.server.WsFilter.doFilter(WsFilter.java:51)
	at org.apache.catalina.core.ApplicationFilterChain.internalDoFilter(ApplicationFilterChain.java:164)
	at org.apache.catalina.core.ApplicationFilterChain.doFilter(ApplicationFilterChain.java:140)
	at org.springframework.web.filter.CompositeFilter$VirtualFilterChain.doFilter(CompositeFilter.java:108)
	at org.springframework.security.web.FilterChainProxy.lambda$doFilterInternal$3(FilterChainProxy.java:231)
	at org.springframework.security.web.FilterChainProxy$VirtualFilterChain.doFilter(FilterChainProxy.java:365)
	at org.springframework.security.web.access.intercept.AuthorizationFilter.doFilter(AuthorizationFilter.java:100)
	at org.springframework.security.web.FilterChainProxy$VirtualFilterChain.doFilter(FilterChainProxy.java:374)
	at org.springframework.security.web.access.ExceptionTranslationFilter.doFilter(ExceptionTranslationFilter.java:126)
	at org.springframework.security.web.access.ExceptionTranslationFilter.doFilter(ExceptionTranslationFilter.java:120)
	at org.springframework.security.web.FilterChainProxy$VirtualFilterChain.doFilter(FilterChainProxy.java:374)
	at org.springframework.security.web.authentication.AnonymousAuthenticationFilter.doFilter(AnonymousAuthenticationFilter.java:100)
	at org.springframework.security.web.FilterChainProxy$VirtualFilterChain.doFilter(FilterChainProxy.java:374)
	at org.springframework.security.web.servletapi.SecurityContextHolderAwareRequestFilter.doFilter(SecurityContextHolderAwareRequestFilter.java:179)
	at org.springframework.security.web.FilterChainProxy$VirtualFilterChain.doFilter(FilterChainProxy.java:374)
	at org.springframework.security.web.savedrequest.RequestCacheAwareFilter.doFilter(RequestCacheAwareFilter.java:63)
	at org.springframework.security.web.FilterChainProxy$VirtualFilterChain.doFilter(FilterChainProxy.java:374)
	at org.springframework.security.web.authentication.AbstractAuthenticationProcessingFilter.doFilter(AbstractAuthenticationProcessingFilter.java:227)
	at org.springframework.security.web.authentication.AbstractAuthenticationProcessingFilter.doFilter(AbstractAuthenticationProcessingFilter.java:221)
	at org.springframework.security.web.FilterChainProxy$VirtualFilterChain.doFilter(FilterChainProxy.java:374)
	at org.springframework.security.web.authentication.logout.LogoutFilter.doFilter(LogoutFilter.java:107)
	at org.springframework.security.web.authentication.logout.LogoutFilter.doFilter(LogoutFilter.java:93)
	at org.springframework.security.web.FilterChainProxy$VirtualFilterChain.doFilter(FilterChainProxy.java:374)
	at org.springframework.web.filter.CorsFilter.doFilterInternal(CorsFilter.java:91)
	at org.springframework.web.filter.OncePerRequestFilter.doFilter(OncePerRequestFilter.java:116)
	at org.springframework.security.web.FilterChainProxy$VirtualFilterChain.doFilter(FilterChainProxy.java:374)
	at org.springframework.security.web.header.HeaderWriterFilter.doHeadersAfter(HeaderWriterFilter.java:90)
	at org.springframework.security.web.header.HeaderWriterFilter.doFilterInternal(HeaderWriterFilter.java:75)
	at org.springframework.web.filter.OncePerRequestFilter.doFilter(OncePerRequestFilter.java:116)
	at org.springframework.security.web.FilterChainProxy$VirtualFilterChain.doFilter(FilterChainProxy.java:374)
	at org.springframework.security.web.context.SecurityContextHolderFilter.doFilter(SecurityContextHolderFilter.java:82)
	at org.springframework.security.web.context.SecurityContextHolderFilter.doFilter(SecurityContextHolderFilter.java:69)
	at org.springframework.security.web.FilterChainProxy$VirtualFilterChain.doFilter(FilterChainProxy.java:374)
	at org.springframework.security.web.context.request.async.WebAsyncManagerIntegrationFilter.doFilterInternal(WebAsyncManagerIntegrationFilter.java:62)
	at org.springframework.web.filter.OncePerRequestFilter.doFilter(OncePerRequestFilter.java:116)
	at org.springframework.security.web.FilterChainProxy$VirtualFilterChain.doFilter(FilterChainProxy.java:374)
	at org.springframework.security.web.session.DisableEncodeUrlFilter.doFilterInternal(DisableEncodeUrlFilter.java:42)
	at org.springframework.web.filter.OncePerRequestFilter.doFilter(OncePerRequestFilter.java:116)
	at org.springframework.security.web.FilterChainProxy$VirtualFilterChain.doFilter(FilterChainProxy.java:374)
	at org.springframework.security.web.FilterChainProxy.doFilterInternal(FilterChainProxy.java:233)
	at org.springframework.security.web.FilterChainProxy.doFilter(FilterChainProxy.java:191)
	at org.springframework.web.filter.CompositeFilter$VirtualFilterChain.doFilter(CompositeFilter.java:113)
	at org.springframework.web.servlet.handler.HandlerMappingIntrospector.lambda$createCacheFilter$3(HandlerMappingIntrospector.java:195)
	at org.springframework.web.filter.CompositeFilter$VirtualFilterChain.doFilter(CompositeFilter.java:113)
	at org.springframework.web.filter.CompositeFilter.doFilter(CompositeFilter.java:74)
	at org.springframework.security.config.annotation.web.configuration.WebMvcSecurityConfiguration$CompositeFilterChainProxy.doFilter(WebMvcSecurityConfiguration.java:230)
	at org.springframework.web.filter.DelegatingFilterProxy.invokeDelegate(DelegatingFilterProxy.java:352)
	at org.springframework.web.filter.DelegatingFilterProxy.doFilter(DelegatingFilterProxy.java:268)
	at org.apache.catalina.core.ApplicationFilterChain.internalDoFilter(ApplicationFilterChain.java:164)
	at org.apache.catalina.core.ApplicationFilterChain.doFilter(ApplicationFilterChain.java:140)
	at org.springframework.web.filter.RequestContextFilter.doFilterInternal(RequestContextFilter.java:100)
	at org.springframework.web.filter.OncePerRequestFilter.doFilter(OncePerRequestFilter.java:116)
	at org.apache.catalina.core.ApplicationFilterChain.internalDoFilter(ApplicationFilterChain.java:164)
	at org.apache.catalina.core.ApplicationFilterChain.doFilter(ApplicationFilterChain.java:140)
	at org.springframework.web.filter.FormContentFilter.doFilterInternal(FormContentFilter.java:93)
	at org.springframework.web.filter.OncePerRequestFilter.doFilter(OncePerRequestFilter.java:116)
	at org.apache.catalina.core.ApplicationFilterChain.internalDoFilter(ApplicationFilterChain.java:164)
	at org.apache.catalina.core.ApplicationFilterChain.doFilter(ApplicationFilterChain.java:140)
	at org.springframework.web.filter.CharacterEncodingFilter.doFilterInternal(CharacterEncodingFilter.java:201)
	at org.springframework.web.filter.OncePerRequestFilter.doFilter(OncePerRequestFilter.java:116)
	at org.apache.catalina.core.ApplicationFilterChain.internalDoFilter(ApplicationFilterChain.java:164)
	at org.apache.catalina.core.ApplicationFilterChain.doFilter(ApplicationFilterChain.java:140)
	at org.apache.catalina.core.StandardWrapperValve.invoke(StandardWrapperValve.java:167)
	at org.apache.catalina.core.StandardContextValve.invoke(StandardContextValve.java:90)
	at org.apache.catalina.authenticator.AuthenticatorBase.invoke(AuthenticatorBase.java:482)
	at org.apache.catalina.core.StandardHostValve.invoke(StandardHostValve.java:115)
	at org.apache.catalina.valves.ErrorReportValve.invoke(ErrorReportValve.java:93)
	at org.apache.catalina.core.StandardEngineValve.invoke(StandardEngineValve.java:74)
	at org.apache.catalina.connector.CoyoteAdapter.service(CoyoteAdapter.java:344)
	at org.apache.coyote.http11.Http11Processor.service(Http11Processor.java:389)
	at org.apache.coyote.AbstractProcessorLight.process(AbstractProcessorLight.java:63)
	at org.apache.coyote.AbstractProtocol$ConnectionHandler.process(AbstractProtocol.java:896)
	at org.apache.tomcat.util.net.NioEndpoint$SocketProcessor.doRun(NioEndpoint.java:1741)
	at org.apache.tomcat.util.net.SocketProcessorBase.run(SocketProcessorBase.java:52)
	at org.apache.tomcat.util.threads.ThreadPoolExecutor.runWorker(ThreadPoolExecutor.java:1190)
	at org.apache.tomcat.util.threads.ThreadPoolExecutor$Worker.run(ThreadPoolExecutor.java:659)
	at org.apache.tomcat.util.threads.TaskThread$WrappingRunnable.run(TaskThread.java:63)
	at java.base/java.lang.Thread.run(Thread.java:833)
Caused by: org.attoparser.ParseException: Exception evaluating SpringEL expression: "book.description" (template: "admin/home" - line 22, col 21)
	at org.attoparser.MarkupParser.parseDocument(MarkupParser.java:393)
	at org.attoparser.MarkupParser.parse(MarkupParser.java:257)
	at org.thymeleaf.templateparser.markup.AbstractMarkupTemplateParser.parse(AbstractMarkupTemplateParser.java:230)
	... 95 common frames omitted
Caused by: org.thymeleaf.exceptions.TemplateProcessingException: Exception evaluating SpringEL expression: "book.description" (template: "admin/home" - line 22, col 21)
	at org.thymeleaf.spring6.expression.SPELVariableExpressionEvaluator.evaluate(SPELVariableExpressionEvaluator.java:292)
	at org.thymeleaf.standard.expression.VariableExpression.executeVariableExpression(VariableExpression.java:166)
	at org.thymeleaf.standard.expression.SimpleExpression.executeSimple(SimpleExpression.java:66)
	at org.thymeleaf.standard.expression.Expression.execute(Expression.java:109)
	at org.thymeleaf.standard.expression.Expression.execute(Expression.java:138)
	at org.thymeleaf.standard.processor.AbstractStandardExpressionAttributeTagProcessor.doProcess(AbstractStandardExpressionAttributeTagProcessor.java:144)
	at org.thymeleaf.processor.element.AbstractAttributeTagProcessor.doProcess(AbstractAttributeTagProcessor.java:74)
	at org.thymeleaf.processor.element.AbstractElementTagProcessor.process(AbstractElementTagProcessor.java:95)
	at org.thymeleaf.util.ProcessorConfigurationUtils$ElementTagProcessorWrapper.process(ProcessorConfigurationUtils.java:633)
	at org.thymeleaf.engine.ProcessorTemplateHandler.handleOpenElement(ProcessorTemplateHandler.java:1314)
	at org.thymeleaf.engine.OpenElementTag.beHandled(OpenElementTag.java:205)
	at org.thymeleaf.engine.Model.process(Model.java:282)
	at org.thymeleaf.engine.Model.process(Model.java:290)
	at org.thymeleaf.engine.IteratedGatheringModelProcessable.processIterationModel(IteratedGatheringModelProcessable.java:368)
	at org.thymeleaf.engine.IteratedGatheringModelProcessable.process(IteratedGatheringModelProcessable.java:222)
	at org.thymeleaf.engine.ProcessorTemplateHandler.handleCloseElement(ProcessorTemplateHandler.java:1640)
	at org.thymeleaf.engine.TemplateHandlerAdapterMarkupHandler.handleCloseElementEnd(TemplateHandlerAdapterMarkupHandler.java:388)
	at org.thymeleaf.templateparser.markup.InlinedOutputExpressionMarkupHandler$InlineMarkupAdapterPreProcessorHandler.handleCloseElementEnd(InlinedOutputExpressionMarkupHandler.java:322)
	at org.thymeleaf.standard.inline.OutputExpressionInlinePreProcessorHandler.handleCloseElementEnd(OutputExpressionInlinePreProcessorHandler.java:220)
	at org.thymeleaf.templateparser.markup.InlinedOutputExpressionMarkupHandler.handleCloseElementEnd(InlinedOutputExpressionMarkupHandler.java:164)
	at org.attoparser.HtmlElement.handleCloseElementEnd(HtmlElement.java:169)
	at org.attoparser.HtmlMarkupHandler.handleCloseElementEnd(HtmlMarkupHandler.java:412)
	at org.attoparser.MarkupEventProcessorHandler.handleCloseElementEnd(MarkupEventProcessorHandler.java:473)
	at org.attoparser.ParsingElementMarkupUtil.parseCloseElement(ParsingElementMarkupUtil.java:201)
	at org.attoparser.MarkupParser.parseBuffer(MarkupParser.java:725)
	at org.attoparser.MarkupParser.parseDocument(MarkupParser.java:301)
	... 97 common frames omitted
Caused by: org.springframework.expression.spel.SpelEvaluationException: EL1008E: Property or field 'description' cannot be found on object of type 'com.example.Perpustakaan.model.Book' - maybe not public or not valid?
	at org.springframework.expression.spel.ast.PropertyOrFieldReference.readProperty(PropertyOrFieldReference.java:229)
	at org.springframework.expression.spel.ast.PropertyOrFieldReference.getValueInternal(PropertyOrFieldReference.java:112)
	at org.springframework.expression.spel.ast.PropertyOrFieldReference$AccessorValueRef.getValue(PropertyOrFieldReference.java:417)
	at org.springframework.expression.spel.ast.CompoundExpression.getValueInternal(CompoundExpression.java:97)
	at org.springframework.expression.spel.ast.SpelNodeImpl.getValue(SpelNodeImpl.java:114)
	at org.springframework.expression.spel.standard.SpelExpression.getValue(SpelExpression.java:338)
	at org.thymeleaf.spring6.expression.SPELVariableExpressionEvaluator.evaluate(SPELVariableExpressionEvaluator.java:265)
	... 122 common frames omitted
2024-06-10 13:42:22 - Servlet.service() for servlet [dispatcherServlet] in context with path [] threw exception [Request processing failed: org.thymeleaf.exceptions.TemplateInputException: An error happened during template parsing (template: "class path resource [templates/admin/home.html]")] with root cause
org.springframework.expression.spel.SpelEvaluationException: EL1008E: Property or field 'description' cannot be found on object of type 'com.example.Perpustakaan.model.Book' - maybe not public or not valid?
	at org.springframework.expression.spel.ast.PropertyOrFieldReference.readProperty(PropertyOrFieldReference.java:229)
	at org.springframework.expression.spel.ast.PropertyOrFieldReference.getValueInternal(PropertyOrFieldReference.java:112)
	at org.springframework.expression.spel.ast.PropertyOrFieldReference$AccessorValueRef.getValue(PropertyOrFieldReference.java:417)
	at org.springframework.expression.spel.ast.CompoundExpression.getValueInternal(CompoundExpression.java:97)
	at org.springframework.expression.spel.ast.SpelNodeImpl.getValue(SpelNodeImpl.java:114)
	at org.springframework.expression.spel.standard.SpelExpression.getValue(SpelExpression.java:338)
	at org.thymeleaf.spring6.expression.SPELVariableExpressionEvaluator.evaluate(SPELVariableExpressionEvaluator.java:265)
	at org.thymeleaf.standard.expression.VariableExpression.executeVariableExpression(VariableExpression.java:166)
	at org.thymeleaf.standard.expression.SimpleExpression.executeSimple(SimpleExpression.java:66)
	at org.thymeleaf.standard.expression.Expression.execute(Expression.java:109)
	at org.thymeleaf.standard.expression.Expression.execute(Expression.java:138)
	at org.thymeleaf.standard.processor.AbstractStandardExpressionAttributeTagProcessor.doProcess(AbstractStandardExpressionAttributeTagProcessor.java:144)
	at org.thymeleaf.processor.element.AbstractAttributeTagProcessor.doProcess(AbstractAttributeTagProcessor.java:74)
	at org.thymeleaf.processor.element.AbstractElementTagProcessor.process(AbstractElementTagProcessor.java:95)
	at org.thymeleaf.util.ProcessorConfigurationUtils$ElementTagProcessorWrapper.process(ProcessorConfigurationUtils.java:633)
	at org.thymeleaf.engine.ProcessorTemplateHandler.handleOpenElement(ProcessorTemplateHandler.java:1314)
	at org.thymeleaf.engine.OpenElementTag.beHandled(OpenElementTag.java:205)
	at org.thymeleaf.engine.Model.process(Model.java:282)
	at org.thymeleaf.engine.Model.process(Model.java:290)
	at org.thymeleaf.engine.IteratedGatheringModelProcessable.processIterationModel(IteratedGatheringModelProcessable.java:368)
	at org.thymeleaf.engine.IteratedGatheringModelProcessable.process(IteratedGatheringModelProcessable.java:222)
	at org.thymeleaf.engine.ProcessorTemplateHandler.handleCloseElement(ProcessorTemplateHandler.java:1640)
	at org.thymeleaf.engine.TemplateHandlerAdapterMarkupHandler.handleCloseElementEnd(TemplateHandlerAdapterMarkupHandler.java:388)
	at org.thymeleaf.templateparser.markup.InlinedOutputExpressionMarkupHandler$InlineMarkupAdapterPreProcessorHandler.handleCloseElementEnd(InlinedOutputExpressionMarkupHandler.java:322)
	at org.thymeleaf.standard.inline.OutputExpressionInlinePreProcessorHandler.handleCloseElementEnd(OutputExpressionInlinePreProcessorHandler.java:220)
	at org.thymeleaf.templateparser.markup.InlinedOutputExpressionMarkupHandler.handleCloseElementEnd(InlinedOutputExpressionMarkupHandler.java:164)
	at org.attoparser.HtmlElement.handleCloseElementEnd(HtmlElement.java:169)
	at org.attoparser.HtmlMarkupHandler.handleCloseElementEnd(HtmlMarkupHandler.java:412)
	at org.attoparser.MarkupEventProcessorHandler.handleCloseElementEnd(MarkupEventProcessorHandler.java:473)
	at org.attoparser.ParsingElementMarkupUtil.parseCloseElement(ParsingElementMarkupUtil.java:201)
	at org.attoparser.MarkupParser.parseBuffer(MarkupParser.java:725)
	at org.attoparser.MarkupParser.parseDocument(MarkupParser.java:301)
	at org.attoparser.MarkupParser.parse(MarkupParser.java:257)
	at org.thymeleaf.templateparser.markup.AbstractMarkupTemplateParser.parse(AbstractMarkupTemplateParser.java:230)
	at org.thymeleaf.templateparser.markup.AbstractMarkupTemplateParser.parseStandalone(AbstractMarkupTemplateParser.java:100)
	at org.thymeleaf.engine.TemplateManager.parseAndProcess(TemplateManager.java:666)
	at org.thymeleaf.TemplateEngine.process(TemplateEngine.java:1103)
	at org.thymeleaf.TemplateEngine.process(TemplateEngine.java:1077)
	at org.thymeleaf.spring6.view.ThymeleafView.renderFragment(ThymeleafView.java:372)
	at org.thymeleaf.spring6.view.ThymeleafView.render(ThymeleafView.java:192)
	at org.springframework.web.servlet.DispatcherServlet.render(DispatcherServlet.java:1431)
	at org.springframework.web.servlet.DispatcherServlet.processDispatchResult(DispatcherServlet.java:1167)
	at org.springframework.web.servlet.DispatcherServlet.doDispatch(DispatcherServlet.java:1106)
	at org.springframework.web.servlet.DispatcherServlet.doService(DispatcherServlet.java:979)
	at org.springframework.web.servlet.FrameworkServlet.processRequest(FrameworkServlet.java:1014)
	at org.springframework.web.servlet.FrameworkServlet.doGet(FrameworkServlet.java:903)
	at jakarta.servlet.http.HttpServlet.service(HttpServlet.java:564)
	at org.springframework.web.servlet.FrameworkServlet.service(FrameworkServlet.java:885)
	at jakarta.servlet.http.HttpServlet.service(HttpServlet.java:658)
	at org.apache.catalina.core.ApplicationFilterChain.internalDoFilter(ApplicationFilterChain.java:195)
	at org.apache.catalina.core.ApplicationFilterChain.doFilter(ApplicationFilterChain.java:140)
	at org.apache.tomcat.websocket.server.WsFilter.doFilter(WsFilter.java:51)
	at org.apache.catalina.core.ApplicationFilterChain.internalDoFilter(ApplicationFilterChain.java:164)
	at org.apache.catalina.core.ApplicationFilterChain.doFilter(ApplicationFilterChain.java:140)
	at org.springframework.web.filter.CompositeFilter$VirtualFilterChain.doFilter(CompositeFilter.java:108)
	at org.springframework.security.web.FilterChainProxy.lambda$doFilterInternal$3(FilterChainProxy.java:231)
	at org.springframework.security.web.FilterChainProxy$VirtualFilterChain.doFilter(FilterChainProxy.java:365)
	at org.springframework.security.web.access.intercept.AuthorizationFilter.doFilter(AuthorizationFilter.java:100)
	at org.springframework.security.web.FilterChainProxy$VirtualFilterChain.doFilter(FilterChainProxy.java:374)
	at org.springframework.security.web.access.ExceptionTranslationFilter.doFilter(ExceptionTranslationFilter.java:126)
	at org.springframework.security.web.access.ExceptionTranslationFilter.doFilter(ExceptionTranslationFilter.java:120)
	at org.springframework.security.web.FilterChainProxy$VirtualFilterChain.doFilter(FilterChainProxy.java:374)
	at org.springframework.security.web.authentication.AnonymousAuthenticationFilter.doFilter(AnonymousAuthenticationFilter.java:100)
	at org.springframework.security.web.FilterChainProxy$VirtualFilterChain.doFilter(FilterChainProxy.java:374)
	at org.springframework.security.web.servletapi.SecurityContextHolderAwareRequestFilter.doFilter(SecurityContextHolderAwareRequestFilter.java:179)
	at org.springframework.security.web.FilterChainProxy$VirtualFilterChain.doFilter(FilterChainProxy.java:374)
	at org.springframework.security.web.savedrequest.RequestCacheAwareFilter.doFilter(RequestCacheAwareFilter.java:63)
	at org.springframework.security.web.FilterChainProxy$VirtualFilterChain.doFilter(FilterChainProxy.java:374)
	at org.springframework.security.web.authentication.AbstractAuthenticationProcessingFilter.doFilter(AbstractAuthenticationProcessingFilter.java:227)
	at org.springframework.security.web.authentication.AbstractAuthenticationProcessingFilter.doFilter(AbstractAuthenticationProcessingFilter.java:221)
	at org.springframework.security.web.FilterChainProxy$VirtualFilterChain.doFilter(FilterChainProxy.java:374)
	at org.springframework.security.web.authentication.logout.LogoutFilter.doFilter(LogoutFilter.java:107)
	at org.springframework.security.web.authentication.logout.LogoutFilter.doFilter(LogoutFilter.java:93)
	at org.springframework.security.web.FilterChainProxy$VirtualFilterChain.doFilter(FilterChainProxy.java:374)
	at org.springframework.web.filter.CorsFilter.doFilterInternal(CorsFilter.java:91)
	at org.springframework.web.filter.OncePerRequestFilter.doFilter(OncePerRequestFilter.java:116)
	at org.springframework.security.web.FilterChainProxy$VirtualFilterChain.doFilter(FilterChainProxy.java:374)
	at org.springframework.security.web.header.HeaderWriterFilter.doHeadersAfter(HeaderWriterFilter.java:90)
	at org.springframework.security.web.header.HeaderWriterFilter.doFilterInternal(HeaderWriterFilter.java:75)
	at org.springframework.web.filter.OncePerRequestFilter.doFilter(OncePerRequestFilter.java:116)
	at org.springframework.security.web.FilterChainProxy$VirtualFilterChain.doFilter(FilterChainProxy.java:374)
	at org.springframework.security.web.context.SecurityContextHolderFilter.doFilter(SecurityContextHolderFilter.java:82)
	at org.springframework.security.web.context.SecurityContextHolderFilter.doFilter(SecurityContextHolderFilter.java:69)
	at org.springframework.security.web.FilterChainProxy$VirtualFilterChain.doFilter(FilterChainProxy.java:374)
	at org.springframework.security.web.context.request.async.WebAsyncManagerIntegrationFilter.doFilterInternal(WebAsyncManagerIntegrationFilter.java:62)
	at org.springframework.web.filter.OncePerRequestFilter.doFilter(OncePerRequestFilter.java:116)
	at org.springframework.security.web.FilterChainProxy$VirtualFilterChain.doFilter(FilterChainProxy.java:374)
	at org.springframework.security.web.session.DisableEncodeUrlFilter.doFilterInternal(DisableEncodeUrlFilter.java:42)
	at org.springframework.web.filter.OncePerRequestFilter.doFilter(OncePerRequestFilter.java:116)
	at org.springframework.security.web.FilterChainProxy$VirtualFilterChain.doFilter(FilterChainProxy.java:374)
	at org.springframework.security.web.FilterChainProxy.doFilterInternal(FilterChainProxy.java:233)
	at org.springframework.security.web.FilterChainProxy.doFilter(FilterChainProxy.java:191)
	at org.springframework.web.filter.CompositeFilter$VirtualFilterChain.doFilter(CompositeFilter.java:113)
	at org.springframework.web.servlet.handler.HandlerMappingIntrospector.lambda$createCacheFilter$3(HandlerMappingIntrospector.java:195)
	at org.springframework.web.filter.CompositeFilter$VirtualFilterChain.doFilter(CompositeFilter.java:113)
	at org.springframework.web.filter.CompositeFilter.doFilter(CompositeFilter.java:74)
	at org.springframework.security.config.annotation.web.configuration.WebMvcSecurityConfiguration$CompositeFilterChainProxy.doFilter(WebMvcSecurityConfiguration.java:230)
	at org.springframework.web.filter.DelegatingFilterProxy.invokeDelegate(DelegatingFilterProxy.java:352)
	at org.springframework.web.filter.DelegatingFilterProxy.doFilter(DelegatingFilterProxy.java:268)
	at org.apache.catalina.core.ApplicationFilterChain.internalDoFilter(ApplicationFilterChain.java:164)
	at org.apache.catalina.core.ApplicationFilterChain.doFilter(ApplicationFilterChain.java:140)
	at org.springframework.web.filter.RequestContextFilter.doFilterInternal(RequestContextFilter.java:100)
	at org.springframework.web.filter.OncePerRequestFilter.doFilter(OncePerRequestFilter.java:116)
	at org.apache.catalina.core.ApplicationFilterChain.internalDoFilter(ApplicationFilterChain.java:164)
	at org.apache.catalina.core.ApplicationFilterChain.doFilter(ApplicationFilterChain.java:140)
	at org.springframework.web.filter.FormContentFilter.doFilterInternal(FormContentFilter.java:93)
	at org.springframework.web.filter.OncePerRequestFilter.doFilter(OncePerRequestFilter.java:116)
	at org.apache.catalina.core.ApplicationFilterChain.internalDoFilter(ApplicationFilterChain.java:164)
	at org.apache.catalina.core.ApplicationFilterChain.doFilter(ApplicationFilterChain.java:140)
	at org.springframework.web.filter.CharacterEncodingFilter.doFilterInternal(CharacterEncodingFilter.java:201)
	at org.springframework.web.filter.OncePerRequestFilter.doFilter(OncePerRequestFilter.java:116)
	at org.apache.catalina.core.ApplicationFilterChain.internalDoFilter(ApplicationFilterChain.java:164)
	at org.apache.catalina.core.ApplicationFilterChain.doFilter(ApplicationFilterChain.java:140)
	at org.apache.catalina.core.StandardWrapperValve.invoke(StandardWrapperValve.java:167)
	at org.apache.catalina.core.StandardContextValve.invoke(StandardContextValve.java:90)
	at org.apache.catalina.authenticator.AuthenticatorBase.invoke(AuthenticatorBase.java:482)
	at org.apache.catalina.core.StandardHostValve.invoke(StandardHostValve.java:115)
	at org.apache.catalina.valves.ErrorReportValve.invoke(ErrorReportValve.java:93)
	at org.apache.catalina.core.StandardEngineValve.invoke(StandardEngineValve.java:74)
	at org.apache.catalina.connector.CoyoteAdapter.service(CoyoteAdapter.java:344)
	at org.apache.coyote.http11.Http11Processor.service(Http11Processor.java:389)
	at org.apache.coyote.AbstractProcessorLight.process(AbstractProcessorLight.java:63)
	at org.apache.coyote.AbstractProtocol$ConnectionHandler.process(AbstractProtocol.java:896)
	at org.apache.tomcat.util.net.NioEndpoint$SocketProcessor.doRun(NioEndpoint.java:1741)
	at org.apache.tomcat.util.net.SocketProcessorBase.run(SocketProcessorBase.java:52)
	at org.apache.tomcat.util.threads.ThreadPoolExecutor.runWorker(ThreadPoolExecutor.java:1190)
	at org.apache.tomcat.util.threads.ThreadPoolExecutor$Worker.run(ThreadPoolExecutor.java:659)
	at org.apache.tomcat.util.threads.TaskThread$WrappingRunnable.run(TaskThread.java:63)
	at java.base/java.lang.Thread.run(Thread.java:833)
2024-06-10 13:42:40 - Number of books: 1
2024-06-10 13:47:48 - Closing JPA EntityManagerFactory for persistence unit 'default'
2024-06-10 13:47:48 - HikariPool-1 - Shutdown initiated...
2024-06-10 13:47:48 - HikariPool-1 - Shutdown completed.
2024-06-10 13:48:01 - Starting PerpustakaanApplication using Java 17.0.8 with PID 25204 (C:\Fathir Nurfadly\Project Java\Perpustakaan\target\classes started by Fathir Nurfadly in C:\Fathir Nurfadly\Project Java\Perpustakaan)
2024-06-10 13:48:01 - Running with Spring Boot v3.3.0, Spring v6.1.8
2024-06-10 13:48:01 - No active profile set, falling back to 1 default profile: "default"
2024-06-10 13:48:03 - Bootstrapping Spring Data JPA repositories in DEFAULT mode.
2024-06-10 13:48:03 - Finished Spring Data repository scanning in 112 ms. Found 2 JPA repository interfaces.
2024-06-10 13:48:04 - Tomcat initialized with port 8080 (http)
2024-06-10 13:48:04 - Starting service [Tomcat]
2024-06-10 13:48:04 - Starting Servlet engine: [Apache Tomcat/10.1.24]
2024-06-10 13:48:04 - Initializing Spring embedded WebApplicationContext
2024-06-10 13:48:04 - Root WebApplicationContext: initialization completed in 2691 ms
2024-06-10 13:48:04 - HikariPool-1 - Starting...
2024-06-10 13:48:05 - HikariPool-1 - Added connection conn0: url=jdbc:h2:mem:testdb user=SA
2024-06-10 13:48:05 - HikariPool-1 - Start completed.
2024-06-10 13:48:05 - H2 console available at '/h2-console'. Database available at 'jdbc:h2:mem:testdb'
2024-06-10 13:48:05 - HHH000204: Processing PersistenceUnitInfo [name: default]
2024-06-10 13:48:05 - HHH000412: Hibernate ORM core version 6.5.2.Final
2024-06-10 13:48:05 - HHH000026: Second-level cache disabled
2024-06-10 13:48:06 - No LoadTimeWeaver setup: ignoring JPA class transformer
2024-06-10 13:48:07 - HHH000489: No JTA platform available (set 'hibernate.transaction.jta.platform' to enable JTA platform integration)
2024-06-10 13:48:07 - Initialized JPA EntityManagerFactory for persistence unit 'default'
2024-06-10 13:48:08 - spring.jpa.open-in-view is enabled by default. Therefore, database queries may be performed during view rendering. Explicitly configure spring.jpa.open-in-view to disable this warning
2024-06-10 13:48:08 - User.withDefaultPasswordEncoder() is considered unsafe for production and is only intended for sample applications.
2024-06-10 13:48:08 - User.withDefaultPasswordEncoder() is considered unsafe for production and is only intended for sample applications.
2024-06-10 13:48:08 - Global AuthenticationManager configured with UserDetailsService bean with name userDetailsService
2024-06-10 13:48:08 - Will secure any request with [org.springframework.security.web.session.DisableEncodeUrlFilter@3c4231e5, org.springframework.security.web.context.request.async.WebAsyncManagerIntegrationFilter@397f9672, org.springframework.security.web.context.SecurityContextHolderFilter@30bd6bc8, org.springframework.security.web.header.HeaderWriterFilter@29dcad7e, org.springframework.web.filter.CorsFilter@72e4ffa2, org.springframework.security.web.authentication.logout.LogoutFilter@711261c7, org.springframework.security.web.authentication.UsernamePasswordAuthenticationFilter@3b48361e, org.springframework.security.web.savedrequest.RequestCacheAwareFilter@90b9695, org.springframework.security.web.servletapi.SecurityContextHolderAwareRequestFilter@55d776ac, org.springframework.security.web.authentication.AnonymousAuthenticationFilter@34dda1b4, org.springframework.security.web.access.ExceptionTranslationFilter@76d220eb, org.springframework.security.web.access.intercept.AuthorizationFilter@5319e4fc]
2024-06-10 13:48:09 - Tomcat started on port 8080 (http) with context path '/'
2024-06-10 13:48:09 - Started PerpustakaanApplication in 9.213 seconds (process running for 10.097)
2024-06-10 13:48:15 - Initializing Spring DispatcherServlet 'dispatcherServlet'
2024-06-10 13:48:15 - Initializing Servlet 'dispatcherServlet'
2024-06-10 13:48:15 - Completed initialization in 2 ms
2024-06-10 13:48:16 - Creation of SecureRandom instance for session ID generation using [SHA1PRNG] took [154] milliseconds.
2024-06-10 15:23:34 - Number of books: 1
2024-06-10 15:23:36 - Number of books: 1
2024-06-10 15:23:58 - Number of books: 2
2024-06-10 15:25:25 - Closing JPA EntityManagerFactory for persistence unit 'default'
2024-06-10 15:25:25 - HikariPool-1 - Shutdown initiated...
2024-06-10 15:25:25 - HikariPool-1 - Shutdown completed.
2024-06-10 19:28:12 - Starting PerpustakaanApplication using Java 17.0.8 with PID 13896 (C:\Fathir Nurfadly\Project Java\Perpustakaan\target\classes started by Fathir Nurfadly in C:\Fathir Nurfadly\Project Java\Perpustakaan)
2024-06-10 19:28:12 - Running with Spring Boot v3.3.0, Spring v6.1.8
2024-06-10 19:28:12 - No active profile set, falling back to 1 default profile: "default"
2024-06-10 19:28:16 - Bootstrapping Spring Data JPA repositories in DEFAULT mode.
2024-06-10 19:28:16 - Finished Spring Data repository scanning in 96 ms. Found 2 JPA repository interfaces.
2024-06-10 19:28:18 - Tomcat initialized with port 8080 (http)
2024-06-10 19:28:18 - Starting service [Tomcat]
2024-06-10 19:28:18 - Starting Servlet engine: [Apache Tomcat/10.1.24]
2024-06-10 19:28:19 - Initializing Spring embedded WebApplicationContext
2024-06-10 19:28:19 - Root WebApplicationContext: initialization completed in 4755 ms
2024-06-10 19:28:19 - HikariPool-1 - Starting...
2024-06-10 19:28:19 - HikariPool-1 - Added connection conn0: url=jdbc:h2:mem:testdb user=SA
2024-06-10 19:28:19 - HikariPool-1 - Start completed.
2024-06-10 19:28:19 - H2 console available at '/h2-console'. Database available at 'jdbc:h2:mem:testdb'
2024-06-10 19:28:20 - HHH000204: Processing PersistenceUnitInfo [name: default]
2024-06-10 19:28:20 - HHH000412: Hibernate ORM core version 6.5.2.Final
2024-06-10 19:28:20 - HHH000026: Second-level cache disabled
2024-06-10 19:28:21 - No LoadTimeWeaver setup: ignoring JPA class transformer
2024-06-10 19:28:23 - HHH000489: No JTA platform available (set 'hibernate.transaction.jta.platform' to enable JTA platform integration)
2024-06-10 19:28:23 - Initialized JPA EntityManagerFactory for persistence unit 'default'
2024-06-10 19:28:24 - spring.jpa.open-in-view is enabled by default. Therefore, database queries may be performed during view rendering. Explicitly configure spring.jpa.open-in-view to disable this warning
2024-06-10 19:28:24 - User.withDefaultPasswordEncoder() is considered unsafe for production and is only intended for sample applications.
2024-06-10 19:28:24 - User.withDefaultPasswordEncoder() is considered unsafe for production and is only intended for sample applications.
2024-06-10 19:28:25 - Global AuthenticationManager configured with UserDetailsService bean with name userDetailsService
2024-06-10 19:28:25 - Will secure any request with [org.springframework.security.web.session.DisableEncodeUrlFilter@390e814c, org.springframework.security.web.context.request.async.WebAsyncManagerIntegrationFilter@5bb661e0, org.springframework.security.web.context.SecurityContextHolderFilter@75ff2b6d, org.springframework.security.web.header.HeaderWriterFilter@1b1d93e9, org.springframework.web.filter.CorsFilter@18fcfe7e, org.springframework.security.web.authentication.logout.LogoutFilter@7c55e559, org.springframework.security.web.authentication.UsernamePasswordAuthenticationFilter@42a89cef, org.springframework.security.web.savedrequest.RequestCacheAwareFilter@4ee80a94, org.springframework.security.web.servletapi.SecurityContextHolderAwareRequestFilter@76d220eb, org.springframework.security.web.authentication.AnonymousAuthenticationFilter@1ed0128b, org.springframework.security.web.access.ExceptionTranslationFilter@299c86f0, org.springframework.security.web.access.intercept.AuthorizationFilter@c5c2a84]
2024-06-10 19:28:26 - Tomcat started on port 8080 (http) with context path '/'
2024-06-10 19:28:26 - Started PerpustakaanApplication in 15.894 seconds (process running for 17.275)
2024-06-10 19:28:49 - Initializing Spring DispatcherServlet 'dispatcherServlet'
2024-06-10 19:28:49 - Initializing Servlet 'dispatcherServlet'
2024-06-10 19:28:49 - Completed initialization in 2 ms
2024-06-10 19:28:50 - Creation of SecureRandom instance for session ID generation using [SHA1PRNG] took [119] milliseconds.
2024-06-10 19:29:02 - [THYMELEAF][http-nio-8080-exec-3] Exception processing template "admin/addBook": An error happened during template parsing (template: "class path resource [templates/admin/addBook.html]")
org.thymeleaf.exceptions.TemplateInputException: An error happened during template parsing (template: "class path resource [templates/admin/addBook.html]")
	at org.thymeleaf.templateparser.markup.AbstractMarkupTemplateParser.parse(AbstractMarkupTemplateParser.java:241)
	at org.thymeleaf.templateparser.markup.AbstractMarkupTemplateParser.parseStandalone(AbstractMarkupTemplateParser.java:100)
	at org.thymeleaf.engine.TemplateManager.parseAndProcess(TemplateManager.java:666)
	at org.thymeleaf.TemplateEngine.process(TemplateEngine.java:1103)
	at org.thymeleaf.TemplateEngine.process(TemplateEngine.java:1077)
	at org.thymeleaf.spring6.view.ThymeleafView.renderFragment(ThymeleafView.java:372)
	at org.thymeleaf.spring6.view.ThymeleafView.render(ThymeleafView.java:192)
	at org.springframework.web.servlet.DispatcherServlet.render(DispatcherServlet.java:1431)
	at org.springframework.web.servlet.DispatcherServlet.processDispatchResult(DispatcherServlet.java:1167)
	at org.springframework.web.servlet.DispatcherServlet.doDispatch(DispatcherServlet.java:1106)
	at org.springframework.web.servlet.DispatcherServlet.doService(DispatcherServlet.java:979)
	at org.springframework.web.servlet.FrameworkServlet.processRequest(FrameworkServlet.java:1014)
	at org.springframework.web.servlet.FrameworkServlet.doGet(FrameworkServlet.java:903)
	at jakarta.servlet.http.HttpServlet.service(HttpServlet.java:564)
	at org.springframework.web.servlet.FrameworkServlet.service(FrameworkServlet.java:885)
	at jakarta.servlet.http.HttpServlet.service(HttpServlet.java:658)
	at org.apache.catalina.core.ApplicationFilterChain.internalDoFilter(ApplicationFilterChain.java:195)
	at org.apache.catalina.core.ApplicationFilterChain.doFilter(ApplicationFilterChain.java:140)
	at org.apache.tomcat.websocket.server.WsFilter.doFilter(WsFilter.java:51)
	at org.apache.catalina.core.ApplicationFilterChain.internalDoFilter(ApplicationFilterChain.java:164)
	at org.apache.catalina.core.ApplicationFilterChain.doFilter(ApplicationFilterChain.java:140)
	at org.springframework.web.filter.CompositeFilter$VirtualFilterChain.doFilter(CompositeFilter.java:108)
	at org.springframework.security.web.FilterChainProxy.lambda$doFilterInternal$3(FilterChainProxy.java:231)
	at org.springframework.security.web.FilterChainProxy$VirtualFilterChain.doFilter(FilterChainProxy.java:365)
	at org.springframework.security.web.access.intercept.AuthorizationFilter.doFilter(AuthorizationFilter.java:100)
	at org.springframework.security.web.FilterChainProxy$VirtualFilterChain.doFilter(FilterChainProxy.java:374)
	at org.springframework.security.web.access.ExceptionTranslationFilter.doFilter(ExceptionTranslationFilter.java:126)
	at org.springframework.security.web.access.ExceptionTranslationFilter.doFilter(ExceptionTranslationFilter.java:120)
	at org.springframework.security.web.FilterChainProxy$VirtualFilterChain.doFilter(FilterChainProxy.java:374)
	at org.springframework.security.web.authentication.AnonymousAuthenticationFilter.doFilter(AnonymousAuthenticationFilter.java:100)
	at org.springframework.security.web.FilterChainProxy$VirtualFilterChain.doFilter(FilterChainProxy.java:374)
	at org.springframework.security.web.servletapi.SecurityContextHolderAwareRequestFilter.doFilter(SecurityContextHolderAwareRequestFilter.java:179)
	at org.springframework.security.web.FilterChainProxy$VirtualFilterChain.doFilter(FilterChainProxy.java:374)
	at org.springframework.security.web.savedrequest.RequestCacheAwareFilter.doFilter(RequestCacheAwareFilter.java:63)
	at org.springframework.security.web.FilterChainProxy$VirtualFilterChain.doFilter(FilterChainProxy.java:374)
	at org.springframework.security.web.authentication.AbstractAuthenticationProcessingFilter.doFilter(AbstractAuthenticationProcessingFilter.java:227)
	at org.springframework.security.web.authentication.AbstractAuthenticationProcessingFilter.doFilter(AbstractAuthenticationProcessingFilter.java:221)
	at org.springframework.security.web.FilterChainProxy$VirtualFilterChain.doFilter(FilterChainProxy.java:374)
	at org.springframework.security.web.authentication.logout.LogoutFilter.doFilter(LogoutFilter.java:107)
	at org.springframework.security.web.authentication.logout.LogoutFilter.doFilter(LogoutFilter.java:93)
	at org.springframework.security.web.FilterChainProxy$VirtualFilterChain.doFilter(FilterChainProxy.java:374)
	at org.springframework.web.filter.CorsFilter.doFilterInternal(CorsFilter.java:91)
	at org.springframework.web.filter.OncePerRequestFilter.doFilter(OncePerRequestFilter.java:116)
	at org.springframework.security.web.FilterChainProxy$VirtualFilterChain.doFilter(FilterChainProxy.java:374)
	at org.springframework.security.web.header.HeaderWriterFilter.doHeadersAfter(HeaderWriterFilter.java:90)
	at org.springframework.security.web.header.HeaderWriterFilter.doFilterInternal(HeaderWriterFilter.java:75)
	at org.springframework.web.filter.OncePerRequestFilter.doFilter(OncePerRequestFilter.java:116)
	at org.springframework.security.web.FilterChainProxy$VirtualFilterChain.doFilter(FilterChainProxy.java:374)
	at org.springframework.security.web.context.SecurityContextHolderFilter.doFilter(SecurityContextHolderFilter.java:82)
	at org.springframework.security.web.context.SecurityContextHolderFilter.doFilter(SecurityContextHolderFilter.java:69)
	at org.springframework.security.web.FilterChainProxy$VirtualFilterChain.doFilter(FilterChainProxy.java:374)
	at org.springframework.security.web.context.request.async.WebAsyncManagerIntegrationFilter.doFilterInternal(WebAsyncManagerIntegrationFilter.java:62)
	at org.springframework.web.filter.OncePerRequestFilter.doFilter(OncePerRequestFilter.java:116)
	at org.springframework.security.web.FilterChainProxy$VirtualFilterChain.doFilter(FilterChainProxy.java:374)
	at org.springframework.security.web.session.DisableEncodeUrlFilter.doFilterInternal(DisableEncodeUrlFilter.java:42)
	at org.springframework.web.filter.OncePerRequestFilter.doFilter(OncePerRequestFilter.java:116)
	at org.springframework.security.web.FilterChainProxy$VirtualFilterChain.doFilter(FilterChainProxy.java:374)
	at org.springframework.security.web.FilterChainProxy.doFilterInternal(FilterChainProxy.java:233)
	at org.springframework.security.web.FilterChainProxy.doFilter(FilterChainProxy.java:191)
	at org.springframework.web.filter.CompositeFilter$VirtualFilterChain.doFilter(CompositeFilter.java:113)
	at org.springframework.web.servlet.handler.HandlerMappingIntrospector.lambda$createCacheFilter$3(HandlerMappingIntrospector.java:195)
	at org.springframework.web.filter.CompositeFilter$VirtualFilterChain.doFilter(CompositeFilter.java:113)
	at org.springframework.web.filter.CompositeFilter.doFilter(CompositeFilter.java:74)
	at org.springframework.security.config.annotation.web.configuration.WebMvcSecurityConfiguration$CompositeFilterChainProxy.doFilter(WebMvcSecurityConfiguration.java:230)
	at org.springframework.web.filter.DelegatingFilterProxy.invokeDelegate(DelegatingFilterProxy.java:352)
	at org.springframework.web.filter.DelegatingFilterProxy.doFilter(DelegatingFilterProxy.java:268)
	at org.apache.catalina.core.ApplicationFilterChain.internalDoFilter(ApplicationFilterChain.java:164)
	at org.apache.catalina.core.ApplicationFilterChain.doFilter(ApplicationFilterChain.java:140)
	at org.springframework.web.filter.RequestContextFilter.doFilterInternal(RequestContextFilter.java:100)
	at org.springframework.web.filter.OncePerRequestFilter.doFilter(OncePerRequestFilter.java:116)
	at org.apache.catalina.core.ApplicationFilterChain.internalDoFilter(ApplicationFilterChain.java:164)
	at org.apache.catalina.core.ApplicationFilterChain.doFilter(ApplicationFilterChain.java:140)
	at org.springframework.web.filter.FormContentFilter.doFilterInternal(FormContentFilter.java:93)
	at org.springframework.web.filter.OncePerRequestFilter.doFilter(OncePerRequestFilter.java:116)
	at org.apache.catalina.core.ApplicationFilterChain.internalDoFilter(ApplicationFilterChain.java:164)
	at org.apache.catalina.core.ApplicationFilterChain.doFilter(ApplicationFilterChain.java:140)
	at org.springframework.web.filter.CharacterEncodingFilter.doFilterInternal(CharacterEncodingFilter.java:201)
	at org.springframework.web.filter.OncePerRequestFilter.doFilter(OncePerRequestFilter.java:116)
	at org.apache.catalina.core.ApplicationFilterChain.internalDoFilter(ApplicationFilterChain.java:164)
	at org.apache.catalina.core.ApplicationFilterChain.doFilter(ApplicationFilterChain.java:140)
	at org.apache.catalina.core.StandardWrapperValve.invoke(StandardWrapperValve.java:167)
	at org.apache.catalina.core.StandardContextValve.invoke(StandardContextValve.java:90)
	at org.apache.catalina.authenticator.AuthenticatorBase.invoke(AuthenticatorBase.java:482)
	at org.apache.catalina.core.StandardHostValve.invoke(StandardHostValve.java:115)
	at org.apache.catalina.valves.ErrorReportValve.invoke(ErrorReportValve.java:93)
	at org.apache.catalina.core.StandardEngineValve.invoke(StandardEngineValve.java:74)
	at org.apache.catalina.connector.CoyoteAdapter.service(CoyoteAdapter.java:344)
	at org.apache.coyote.http11.Http11Processor.service(Http11Processor.java:389)
	at org.apache.coyote.AbstractProcessorLight.process(AbstractProcessorLight.java:63)
	at org.apache.coyote.AbstractProtocol$ConnectionHandler.process(AbstractProtocol.java:896)
	at org.apache.tomcat.util.net.NioEndpoint$SocketProcessor.doRun(NioEndpoint.java:1741)
	at org.apache.tomcat.util.net.SocketProcessorBase.run(SocketProcessorBase.java:52)
	at org.apache.tomcat.util.threads.ThreadPoolExecutor.runWorker(ThreadPoolExecutor.java:1190)
	at org.apache.tomcat.util.threads.ThreadPoolExecutor$Worker.run(ThreadPoolExecutor.java:659)
	at org.apache.tomcat.util.threads.TaskThread$WrappingRunnable.run(TaskThread.java:63)
	at java.base/java.lang.Thread.run(Thread.java:833)
Caused by: org.attoparser.ParseException: Error during execution of processor 'org.thymeleaf.spring6.processor.SpringInputGeneralFieldTagProcessor' (template: "admin/addBook" - line 14, col 38)
	at org.attoparser.MarkupParser.parseDocument(MarkupParser.java:393)
	at org.attoparser.MarkupParser.parse(MarkupParser.java:257)
	at org.thymeleaf.templateparser.markup.AbstractMarkupTemplateParser.parse(AbstractMarkupTemplateParser.java:230)
	... 95 common frames omitted
Caused by: org.thymeleaf.exceptions.TemplateProcessingException: Error during execution of processor 'org.thymeleaf.spring6.processor.SpringInputGeneralFieldTagProcessor' (template: "admin/addBook" - line 14, col 38)
	at org.thymeleaf.processor.element.AbstractAttributeTagProcessor.doProcess(AbstractAttributeTagProcessor.java:117)
	at org.thymeleaf.processor.element.AbstractElementTagProcessor.process(AbstractElementTagProcessor.java:95)
	at org.thymeleaf.util.ProcessorConfigurationUtils$ElementTagProcessorWrapper.process(ProcessorConfigurationUtils.java:633)
	at org.thymeleaf.engine.ProcessorTemplateHandler.handleStandaloneElement(ProcessorTemplateHandler.java:918)
	at org.thymeleaf.engine.TemplateHandlerAdapterMarkupHandler.handleStandaloneElementEnd(TemplateHandlerAdapterMarkupHandler.java:260)
	at org.thymeleaf.templateparser.markup.InlinedOutputExpressionMarkupHandler$InlineMarkupAdapterPreProcessorHandler.handleStandaloneElementEnd(InlinedOutputExpressionMarkupHandler.java:256)
	at org.thymeleaf.standard.inline.OutputExpressionInlinePreProcessorHandler.handleStandaloneElementEnd(OutputExpressionInlinePreProcessorHandler.java:169)
	at org.thymeleaf.templateparser.markup.InlinedOutputExpressionMarkupHandler.handleStandaloneElementEnd(InlinedOutputExpressionMarkupHandler.java:104)
	at org.attoparser.HtmlElement.handleStandaloneElementEnd(HtmlElement.java:79)
	at org.attoparser.HtmlMarkupHandler.handleStandaloneElementEnd(HtmlMarkupHandler.java:241)
	at org.attoparser.MarkupEventProcessorHandler.handleStandaloneElementEnd(MarkupEventProcessorHandler.java:327)
	at org.attoparser.ParsingElementMarkupUtil.parseStandaloneElement(ParsingElementMarkupUtil.java:96)
	at org.attoparser.MarkupParser.parseBuffer(MarkupParser.java:706)
	at org.attoparser.MarkupParser.parseDocument(MarkupParser.java:301)
	... 97 common frames omitted
Caused by: org.springframework.beans.NotReadablePropertyException: Invalid property 'isbn' of bean class [com.example.Perpustakaan.model.Book]: Bean property 'isbn' is not readable or has an invalid getter method: Does the return type of the getter match the parameter type of the setter?
	at org.springframework.beans.AbstractNestablePropertyAccessor.getPropertyValue(AbstractNestablePropertyAccessor.java:627)
	at org.springframework.beans.AbstractNestablePropertyAccessor.getPropertyValue(AbstractNestablePropertyAccessor.java:617)
	at org.springframework.validation.AbstractPropertyBindingResult.getActualFieldValue(AbstractPropertyBindingResult.java:105)
	at org.springframework.validation.AbstractBindingResult.getFieldValue(AbstractBindingResult.java:225)
	at org.springframework.web.servlet.support.BindStatus.<init>(BindStatus.java:129)
	at org.springframework.web.servlet.support.RequestContext.getBindStatus(RequestContext.java:926)
	at org.thymeleaf.spring6.context.webmvc.SpringWebMvcThymeleafRequestContext.getBindStatus(SpringWebMvcThymeleafRequestContext.java:232)
	at org.thymeleaf.spring6.util.FieldUtils.getBindStatusFromParsedExpression(FieldUtils.java:306)
	at org.thymeleaf.spring6.util.FieldUtils.getBindStatus(FieldUtils.java:253)
	at org.thymeleaf.spring6.util.FieldUtils.getBindStatus(FieldUtils.java:227)
	at org.thymeleaf.spring6.processor.AbstractSpringFieldTagProcessor.doProcess(AbstractSpringFieldTagProcessor.java:174)
	at org.thymeleaf.processor.element.AbstractAttributeTagProcessor.doProcess(AbstractAttributeTagProcessor.java:74)
	... 110 common frames omitted
2024-06-10 19:29:02 - Servlet.service() for servlet [dispatcherServlet] in context with path [] threw exception [Request processing failed: org.thymeleaf.exceptions.TemplateInputException: An error happened during template parsing (template: "class path resource [templates/admin/addBook.html]")] with root cause
org.springframework.beans.NotReadablePropertyException: Invalid property 'isbn' of bean class [com.example.Perpustakaan.model.Book]: Bean property 'isbn' is not readable or has an invalid getter method: Does the return type of the getter match the parameter type of the setter?
	at org.springframework.beans.AbstractNestablePropertyAccessor.getPropertyValue(AbstractNestablePropertyAccessor.java:627)
	at org.springframework.beans.AbstractNestablePropertyAccessor.getPropertyValue(AbstractNestablePropertyAccessor.java:617)
	at org.springframework.validation.AbstractPropertyBindingResult.getActualFieldValue(AbstractPropertyBindingResult.java:105)
	at org.springframework.validation.AbstractBindingResult.getFieldValue(AbstractBindingResult.java:225)
	at org.springframework.web.servlet.support.BindStatus.<init>(BindStatus.java:129)
	at org.springframework.web.servlet.support.RequestContext.getBindStatus(RequestContext.java:926)
	at org.thymeleaf.spring6.context.webmvc.SpringWebMvcThymeleafRequestContext.getBindStatus(SpringWebMvcThymeleafRequestContext.java:232)
	at org.thymeleaf.spring6.util.FieldUtils.getBindStatusFromParsedExpression(FieldUtils.java:306)
	at org.thymeleaf.spring6.util.FieldUtils.getBindStatus(FieldUtils.java:253)
	at org.thymeleaf.spring6.util.FieldUtils.getBindStatus(FieldUtils.java:227)
	at org.thymeleaf.spring6.processor.AbstractSpringFieldTagProcessor.doProcess(AbstractSpringFieldTagProcessor.java:174)
	at org.thymeleaf.processor.element.AbstractAttributeTagProcessor.doProcess(AbstractAttributeTagProcessor.java:74)
	at org.thymeleaf.processor.element.AbstractElementTagProcessor.process(AbstractElementTagProcessor.java:95)
	at org.thymeleaf.util.ProcessorConfigurationUtils$ElementTagProcessorWrapper.process(ProcessorConfigurationUtils.java:633)
	at org.thymeleaf.engine.ProcessorTemplateHandler.handleStandaloneElement(ProcessorTemplateHandler.java:918)
	at org.thymeleaf.engine.TemplateHandlerAdapterMarkupHandler.handleStandaloneElementEnd(TemplateHandlerAdapterMarkupHandler.java:260)
	at org.thymeleaf.templateparser.markup.InlinedOutputExpressionMarkupHandler$InlineMarkupAdapterPreProcessorHandler.handleStandaloneElementEnd(InlinedOutputExpressionMarkupHandler.java:256)
	at org.thymeleaf.standard.inline.OutputExpressionInlinePreProcessorHandler.handleStandaloneElementEnd(OutputExpressionInlinePreProcessorHandler.java:169)
	at org.thymeleaf.templateparser.markup.InlinedOutputExpressionMarkupHandler.handleStandaloneElementEnd(InlinedOutputExpressionMarkupHandler.java:104)
	at org.attoparser.HtmlElement.handleStandaloneElementEnd(HtmlElement.java:79)
	at org.attoparser.HtmlMarkupHandler.handleStandaloneElementEnd(HtmlMarkupHandler.java:241)
	at org.attoparser.MarkupEventProcessorHandler.handleStandaloneElementEnd(MarkupEventProcessorHandler.java:327)
	at org.attoparser.ParsingElementMarkupUtil.parseStandaloneElement(ParsingElementMarkupUtil.java:96)
	at org.attoparser.MarkupParser.parseBuffer(MarkupParser.java:706)
	at org.attoparser.MarkupParser.parseDocument(MarkupParser.java:301)
	at org.attoparser.MarkupParser.parse(MarkupParser.java:257)
	at org.thymeleaf.templateparser.markup.AbstractMarkupTemplateParser.parse(AbstractMarkupTemplateParser.java:230)
	at org.thymeleaf.templateparser.markup.AbstractMarkupTemplateParser.parseStandalone(AbstractMarkupTemplateParser.java:100)
	at org.thymeleaf.engine.TemplateManager.parseAndProcess(TemplateManager.java:666)
	at org.thymeleaf.TemplateEngine.process(TemplateEngine.java:1103)
	at org.thymeleaf.TemplateEngine.process(TemplateEngine.java:1077)
	at org.thymeleaf.spring6.view.ThymeleafView.renderFragment(ThymeleafView.java:372)
	at org.thymeleaf.spring6.view.ThymeleafView.render(ThymeleafView.java:192)
	at org.springframework.web.servlet.DispatcherServlet.render(DispatcherServlet.java:1431)
	at org.springframework.web.servlet.DispatcherServlet.processDispatchResult(DispatcherServlet.java:1167)
	at org.springframework.web.servlet.DispatcherServlet.doDispatch(DispatcherServlet.java:1106)
	at org.springframework.web.servlet.DispatcherServlet.doService(DispatcherServlet.java:979)
	at org.springframework.web.servlet.FrameworkServlet.processRequest(FrameworkServlet.java:1014)
	at org.springframework.web.servlet.FrameworkServlet.doGet(FrameworkServlet.java:903)
	at jakarta.servlet.http.HttpServlet.service(HttpServlet.java:564)
	at org.springframework.web.servlet.FrameworkServlet.service(FrameworkServlet.java:885)
	at jakarta.servlet.http.HttpServlet.service(HttpServlet.java:658)
	at org.apache.catalina.core.ApplicationFilterChain.internalDoFilter(ApplicationFilterChain.java:195)
	at org.apache.catalina.core.ApplicationFilterChain.doFilter(ApplicationFilterChain.java:140)
	at org.apache.tomcat.websocket.server.WsFilter.doFilter(WsFilter.java:51)
	at org.apache.catalina.core.ApplicationFilterChain.internalDoFilter(ApplicationFilterChain.java:164)
	at org.apache.catalina.core.ApplicationFilterChain.doFilter(ApplicationFilterChain.java:140)
	at org.springframework.web.filter.CompositeFilter$VirtualFilterChain.doFilter(CompositeFilter.java:108)
	at org.springframework.security.web.FilterChainProxy.lambda$doFilterInternal$3(FilterChainProxy.java:231)
	at org.springframework.security.web.FilterChainProxy$VirtualFilterChain.doFilter(FilterChainProxy.java:365)
	at org.springframework.security.web.access.intercept.AuthorizationFilter.doFilter(AuthorizationFilter.java:100)
	at org.springframework.security.web.FilterChainProxy$VirtualFilterChain.doFilter(FilterChainProxy.java:374)
	at org.springframework.security.web.access.ExceptionTranslationFilter.doFilter(ExceptionTranslationFilter.java:126)
	at org.springframework.security.web.access.ExceptionTranslationFilter.doFilter(ExceptionTranslationFilter.java:120)
	at org.springframework.security.web.FilterChainProxy$VirtualFilterChain.doFilter(FilterChainProxy.java:374)
	at org.springframework.security.web.authentication.AnonymousAuthenticationFilter.doFilter(AnonymousAuthenticationFilter.java:100)
	at org.springframework.security.web.FilterChainProxy$VirtualFilterChain.doFilter(FilterChainProxy.java:374)
	at org.springframework.security.web.servletapi.SecurityContextHolderAwareRequestFilter.doFilter(SecurityContextHolderAwareRequestFilter.java:179)
	at org.springframework.security.web.FilterChainProxy$VirtualFilterChain.doFilter(FilterChainProxy.java:374)
	at org.springframework.security.web.savedrequest.RequestCacheAwareFilter.doFilter(RequestCacheAwareFilter.java:63)
	at org.springframework.security.web.FilterChainProxy$VirtualFilterChain.doFilter(FilterChainProxy.java:374)
	at org.springframework.security.web.authentication.AbstractAuthenticationProcessingFilter.doFilter(AbstractAuthenticationProcessingFilter.java:227)
	at org.springframework.security.web.authentication.AbstractAuthenticationProcessingFilter.doFilter(AbstractAuthenticationProcessingFilter.java:221)
	at org.springframework.security.web.FilterChainProxy$VirtualFilterChain.doFilter(FilterChainProxy.java:374)
	at org.springframework.security.web.authentication.logout.LogoutFilter.doFilter(LogoutFilter.java:107)
	at org.springframework.security.web.authentication.logout.LogoutFilter.doFilter(LogoutFilter.java:93)
	at org.springframework.security.web.FilterChainProxy$VirtualFilterChain.doFilter(FilterChainProxy.java:374)
	at org.springframework.web.filter.CorsFilter.doFilterInternal(CorsFilter.java:91)
	at org.springframework.web.filter.OncePerRequestFilter.doFilter(OncePerRequestFilter.java:116)
	at org.springframework.security.web.FilterChainProxy$VirtualFilterChain.doFilter(FilterChainProxy.java:374)
	at org.springframework.security.web.header.HeaderWriterFilter.doHeadersAfter(HeaderWriterFilter.java:90)
	at org.springframework.security.web.header.HeaderWriterFilter.doFilterInternal(HeaderWriterFilter.java:75)
	at org.springframework.web.filter.OncePerRequestFilter.doFilter(OncePerRequestFilter.java:116)
	at org.springframework.security.web.FilterChainProxy$VirtualFilterChain.doFilter(FilterChainProxy.java:374)
	at org.springframework.security.web.context.SecurityContextHolderFilter.doFilter(SecurityContextHolderFilter.java:82)
	at org.springframework.security.web.context.SecurityContextHolderFilter.doFilter(SecurityContextHolderFilter.java:69)
	at org.springframework.security.web.FilterChainProxy$VirtualFilterChain.doFilter(FilterChainProxy.java:374)
	at org.springframework.security.web.context.request.async.WebAsyncManagerIntegrationFilter.doFilterInternal(WebAsyncManagerIntegrationFilter.java:62)
	at org.springframework.web.filter.OncePerRequestFilter.doFilter(OncePerRequestFilter.java:116)
	at org.springframework.security.web.FilterChainProxy$VirtualFilterChain.doFilter(FilterChainProxy.java:374)
	at org.springframework.security.web.session.DisableEncodeUrlFilter.doFilterInternal(DisableEncodeUrlFilter.java:42)
	at org.springframework.web.filter.OncePerRequestFilter.doFilter(OncePerRequestFilter.java:116)
	at org.springframework.security.web.FilterChainProxy$VirtualFilterChain.doFilter(FilterChainProxy.java:374)
	at org.springframework.security.web.FilterChainProxy.doFilterInternal(FilterChainProxy.java:233)
	at org.springframework.security.web.FilterChainProxy.doFilter(FilterChainProxy.java:191)
	at org.springframework.web.filter.CompositeFilter$VirtualFilterChain.doFilter(CompositeFilter.java:113)
	at org.springframework.web.servlet.handler.HandlerMappingIntrospector.lambda$createCacheFilter$3(HandlerMappingIntrospector.java:195)
	at org.springframework.web.filter.CompositeFilter$VirtualFilterChain.doFilter(CompositeFilter.java:113)
	at org.springframework.web.filter.CompositeFilter.doFilter(CompositeFilter.java:74)
	at org.springframework.security.config.annotation.web.configuration.WebMvcSecurityConfiguration$CompositeFilterChainProxy.doFilter(WebMvcSecurityConfiguration.java:230)
	at org.springframework.web.filter.DelegatingFilterProxy.invokeDelegate(DelegatingFilterProxy.java:352)
	at org.springframework.web.filter.DelegatingFilterProxy.doFilter(DelegatingFilterProxy.java:268)
	at org.apache.catalina.core.ApplicationFilterChain.internalDoFilter(ApplicationFilterChain.java:164)
	at org.apache.catalina.core.ApplicationFilterChain.doFilter(ApplicationFilterChain.java:140)
	at org.springframework.web.filter.RequestContextFilter.doFilterInternal(RequestContextFilter.java:100)
	at org.springframework.web.filter.OncePerRequestFilter.doFilter(OncePerRequestFilter.java:116)
	at org.apache.catalina.core.ApplicationFilterChain.internalDoFilter(ApplicationFilterChain.java:164)
	at org.apache.catalina.core.ApplicationFilterChain.doFilter(ApplicationFilterChain.java:140)
	at org.springframework.web.filter.FormContentFilter.doFilterInternal(FormContentFilter.java:93)
	at org.springframework.web.filter.OncePerRequestFilter.doFilter(OncePerRequestFilter.java:116)
	at org.apache.catalina.core.ApplicationFilterChain.internalDoFilter(ApplicationFilterChain.java:164)
	at org.apache.catalina.core.ApplicationFilterChain.doFilter(ApplicationFilterChain.java:140)
	at org.springframework.web.filter.CharacterEncodingFilter.doFilterInternal(CharacterEncodingFilter.java:201)
	at org.springframework.web.filter.OncePerRequestFilter.doFilter(OncePerRequestFilter.java:116)
	at org.apache.catalina.core.ApplicationFilterChain.internalDoFilter(ApplicationFilterChain.java:164)
	at org.apache.catalina.core.ApplicationFilterChain.doFilter(ApplicationFilterChain.java:140)
	at org.apache.catalina.core.StandardWrapperValve.invoke(StandardWrapperValve.java:167)
	at org.apache.catalina.core.StandardContextValve.invoke(StandardContextValve.java:90)
	at org.apache.catalina.authenticator.AuthenticatorBase.invoke(AuthenticatorBase.java:482)
	at org.apache.catalina.core.StandardHostValve.invoke(StandardHostValve.java:115)
	at org.apache.catalina.valves.ErrorReportValve.invoke(ErrorReportValve.java:93)
	at org.apache.catalina.core.StandardEngineValve.invoke(StandardEngineValve.java:74)
	at org.apache.catalina.connector.CoyoteAdapter.service(CoyoteAdapter.java:344)
	at org.apache.coyote.http11.Http11Processor.service(Http11Processor.java:389)
	at org.apache.coyote.AbstractProcessorLight.process(AbstractProcessorLight.java:63)
	at org.apache.coyote.AbstractProtocol$ConnectionHandler.process(AbstractProtocol.java:896)
	at org.apache.tomcat.util.net.NioEndpoint$SocketProcessor.doRun(NioEndpoint.java:1741)
	at org.apache.tomcat.util.net.SocketProcessorBase.run(SocketProcessorBase.java:52)
	at org.apache.tomcat.util.threads.ThreadPoolExecutor.runWorker(ThreadPoolExecutor.java:1190)
	at org.apache.tomcat.util.threads.ThreadPoolExecutor$Worker.run(ThreadPoolExecutor.java:659)
	at org.apache.tomcat.util.threads.TaskThread$WrappingRunnable.run(TaskThread.java:63)
	at java.base/java.lang.Thread.run(Thread.java:833)
2024-06-10 19:31:18 - Closing JPA EntityManagerFactory for persistence unit 'default'
2024-06-10 19:31:18 - HikariPool-1 - Shutdown initiated...
2024-06-10 19:31:18 - HikariPool-1 - Shutdown completed.
2024-06-10 19:31:33 - Starting PerpustakaanApplication using Java 17.0.8 with PID 21924 (C:\Fathir Nurfadly\Project Java\Perpustakaan\target\classes started by Fathir Nurfadly in C:\Fathir Nurfadly\Project Java\Perpustakaan)
2024-06-10 19:31:33 - Running with Spring Boot v3.3.0, Spring v6.1.8
2024-06-10 19:31:33 - No active profile set, falling back to 1 default profile: "default"
2024-06-10 19:31:35 - Bootstrapping Spring Data JPA repositories in DEFAULT mode.
2024-06-10 19:31:35 - Finished Spring Data repository scanning in 85 ms. Found 2 JPA repository interfaces.
2024-06-10 19:31:36 - Tomcat initialized with port 8080 (http)
2024-06-10 19:31:36 - Starting service [Tomcat]
2024-06-10 19:31:36 - Starting Servlet engine: [Apache Tomcat/10.1.24]
2024-06-10 19:31:36 - Initializing Spring embedded WebApplicationContext
2024-06-10 19:31:36 - Root WebApplicationContext: initialization completed in 2403 ms
2024-06-10 19:31:36 - HikariPool-1 - Starting...
2024-06-10 19:31:37 - HikariPool-1 - Added connection conn0: url=jdbc:h2:mem:testdb user=SA
2024-06-10 19:31:37 - HikariPool-1 - Start completed.
2024-06-10 19:31:37 - H2 console available at '/h2-console'. Database available at 'jdbc:h2:mem:testdb'
2024-06-10 19:31:37 - HHH000204: Processing PersistenceUnitInfo [name: default]
2024-06-10 19:31:37 - HHH000412: Hibernate ORM core version 6.5.2.Final
2024-06-10 19:31:37 - HHH000026: Second-level cache disabled
2024-06-10 19:31:38 - No LoadTimeWeaver setup: ignoring JPA class transformer
2024-06-10 19:31:39 - HHH000489: No JTA platform available (set 'hibernate.transaction.jta.platform' to enable JTA platform integration)
2024-06-10 19:31:39 - Initialized JPA EntityManagerFactory for persistence unit 'default'
2024-06-10 19:31:40 - spring.jpa.open-in-view is enabled by default. Therefore, database queries may be performed during view rendering. Explicitly configure spring.jpa.open-in-view to disable this warning
2024-06-10 19:31:40 - User.withDefaultPasswordEncoder() is considered unsafe for production and is only intended for sample applications.
2024-06-10 19:31:40 - User.withDefaultPasswordEncoder() is considered unsafe for production and is only intended for sample applications.
2024-06-10 19:31:40 - Global AuthenticationManager configured with UserDetailsService bean with name userDetailsService
2024-06-10 19:31:41 - Will secure any request with [org.springframework.security.web.session.DisableEncodeUrlFilter@18fcfe7e, org.springframework.security.web.context.request.async.WebAsyncManagerIntegrationFilter@1ed0128b, org.springframework.security.web.context.SecurityContextHolderFilter@4ee80a94, org.springframework.security.web.header.HeaderWriterFilter@4ccf1d3e, org.springframework.web.filter.CorsFilter@5319e4fc, org.springframework.security.web.authentication.logout.LogoutFilter@79d8075c, org.springframework.security.web.authentication.UsernamePasswordAuthenticationFilter@52a23575, org.springframework.security.web.savedrequest.RequestCacheAwareFilter@76d220eb, org.springframework.security.web.servletapi.SecurityContextHolderAwareRequestFilter@29dcad7e, org.springframework.security.web.authentication.AnonymousAuthenticationFilter@3b48361e, org.springframework.security.web.access.ExceptionTranslationFilter@1b1d93e9, org.springframework.security.web.access.intercept.AuthorizationFilter@7f33ad20]
2024-06-10 19:31:41 - Tomcat started on port 8080 (http) with context path '/'
2024-06-10 19:31:41 - Started PerpustakaanApplication in 9.07 seconds (process running for 9.772)
2024-06-10 19:31:46 - Initializing Spring DispatcherServlet 'dispatcherServlet'
2024-06-10 19:31:46 - Initializing Servlet 'dispatcherServlet'
2024-06-10 19:31:46 - Completed initialization in 2 ms
2024-06-10 19:31:46 - Creation of SecureRandom instance for session ID generation using [SHA1PRNG] took [183] milliseconds.
2024-06-10 19:32:32 - Number of books: 1
2024-06-10 19:33:39 - Number of books: 2
2024-06-10 19:39:38 - Closing JPA EntityManagerFactory for persistence unit 'default'
2024-06-10 19:39:38 - HikariPool-1 - Shutdown initiated...
2024-06-10 19:39:38 - HikariPool-1 - Shutdown completed.
2024-06-10 19:39:52 - Starting PerpustakaanApplication using Java 17.0.8 with PID 17992 (C:\Fathir Nurfadly\Project Java\Perpustakaan\target\classes started by Fathir Nurfadly in C:\Fathir Nurfadly\Project Java\Perpustakaan)
2024-06-10 19:39:52 - Running with Spring Boot v3.3.0, Spring v6.1.8
2024-06-10 19:39:52 - No active profile set, falling back to 1 default profile: "default"
2024-06-10 19:39:54 - Bootstrapping Spring Data JPA repositories in DEFAULT mode.
2024-06-10 19:39:54 - Finished Spring Data repository scanning in 82 ms. Found 2 JPA repository interfaces.
2024-06-10 19:39:55 - Tomcat initialized with port 8080 (http)
2024-06-10 19:39:55 - Starting service [Tomcat]
2024-06-10 19:39:55 - Starting Servlet engine: [Apache Tomcat/10.1.24]
2024-06-10 19:39:55 - Initializing Spring embedded WebApplicationContext
2024-06-10 19:39:55 - Root WebApplicationContext: initialization completed in 2508 ms
2024-06-10 19:39:55 - HikariPool-1 - Starting...
2024-06-10 19:39:56 - HikariPool-1 - Added connection conn0: url=jdbc:h2:mem:testdb user=SA
2024-06-10 19:39:56 - HikariPool-1 - Start completed.
2024-06-10 19:39:56 - H2 console available at '/h2-console'. Database available at 'jdbc:h2:mem:testdb'
2024-06-10 19:39:56 - HHH000204: Processing PersistenceUnitInfo [name: default]
2024-06-10 19:39:56 - HHH000412: Hibernate ORM core version 6.5.2.Final
2024-06-10 19:39:56 - HHH000026: Second-level cache disabled
2024-06-10 19:39:57 - No LoadTimeWeaver setup: ignoring JPA class transformer
2024-06-10 19:39:58 - HHH000489: No JTA platform available (set 'hibernate.transaction.jta.platform' to enable JTA platform integration)
2024-06-10 19:39:58 - Initialized JPA EntityManagerFactory for persistence unit 'default'
2024-06-10 19:39:59 - spring.jpa.open-in-view is enabled by default. Therefore, database queries may be performed during view rendering. Explicitly configure spring.jpa.open-in-view to disable this warning
2024-06-10 19:39:59 - User.withDefaultPasswordEncoder() is considered unsafe for production and is only intended for sample applications.
2024-06-10 19:39:59 - User.withDefaultPasswordEncoder() is considered unsafe for production and is only intended for sample applications.
2024-06-10 19:39:59 - Global AuthenticationManager configured with UserDetailsService bean with name userDetailsService
2024-06-10 19:40:00 - Will secure any request with [org.springframework.security.web.session.DisableEncodeUrlFilter@10b0dd3a, org.springframework.security.web.context.request.async.WebAsyncManagerIntegrationFilter@4c231f62, org.springframework.security.web.context.SecurityContextHolderFilter@549be307, org.springframework.security.web.header.HeaderWriterFilter@3b6c55b6, org.springframework.web.filter.CorsFilter@6888746c, org.springframework.security.web.authentication.logout.LogoutFilter@390e814c, org.springframework.security.web.authentication.UsernamePasswordAuthenticationFilter@978475b, org.springframework.security.web.savedrequest.RequestCacheAwareFilter@59043128, org.springframework.security.web.servletapi.SecurityContextHolderAwareRequestFilter@6f2b608e, org.springframework.security.web.authentication.AnonymousAuthenticationFilter@7bfedfb7, org.springframework.security.web.access.ExceptionTranslationFilter@1de6f29d, org.springframework.security.web.access.intercept.AuthorizationFilter@5cb4ba80]
2024-06-10 19:40:00 - Tomcat started on port 8080 (http) with context path '/'
2024-06-10 19:40:00 - Started PerpustakaanApplication in 8.979 seconds (process running for 9.668)
2024-06-10 19:40:08 - Initializing Spring DispatcherServlet 'dispatcherServlet'
2024-06-10 19:40:08 - Initializing Servlet 'dispatcherServlet'
2024-06-10 19:40:08 - Completed initialization in 2 ms
